<?xml version="1.0" encoding="UTF-8"?>
<!-- Generated by org.testng.reporters.JUnitReportReporter -->
<testsuite hostname="DESKTOP-QJ9BFKC" name="RunnableJar.TestRunner" tests="1" failures="0" timestamp="11 Sep 2021 18:55:42 GMT" time="5.521" errors="0">
  <testcase name="newtest" time="5.521" classname="RunnableJar.TestRunner"/>
</testsuite> <!-- RunnableJar.TestRunner -->
